Using pre-set license

 COMMAND LINE ARGUMENTS:
/Applications/Unity/2020.3.5f1c1/Unity.app/Contents/MacOS/Unity
-adb2
-batchMode
-noUpm
-name
AssetImportWorker0
-projectPath
/Users/neo.xu/Documents/MyWork/Demo/UnityAICookbook
-logFile
Logs/AssetImportWorker0.log
-srvPort
54669
Successfully changed project path to: /Users/neo.xu/Documents/MyWork/Demo/UnityAICookbook
/Users/neo.xu/Documents/MyWork/Demo/UnityAICookbook
Using Asset Import Pipeline V2.
Refreshing native plugins compatible for Editor in 34.75 ms, found 1 plugins.
Preloading 0 native plugins for Editor in 0.00 ms.
Initialize engine version: 2020.3.5f1c1 (548653c6c3de)
[Subsystems] Discovering subsystems at path /Applications/Unity/2020.3.5f1c1/Unity.app/Contents/Resources/UnitySubsystems
[Subsystems] Discovering subsystems at path /Users/neo.xu/Documents/MyWork/Demo/UnityAICookbook/Assets
GfxDevice: creating device client; threaded=0
2021-05-07 10:10:59.734 Unity[43691:754296] DELL U2718Q preferred device: Intel(R) UHD Graphics 630 (low power)
2021-05-07 10:10:59.734 Unity[43691:754296] Metal devices available: 1
2021-05-07 10:10:59.734 Unity[43691:754296] 0: Intel(R) UHD Graphics 630 (low power)
2021-05-07 10:10:59.735 Unity[43691:754296] Using device Intel(R) UHD Graphics 630 (low power)
Initializing Metal device caps: Intel(R) UHD Graphics 630
Initialize mono
Mono path[0] = '/Applications/Unity/2020.3.5f1c1/Unity.app/Contents/Managed'
Mono path[1] = '/Applications/Unity/2020.3.5f1c1/Unity.app/Contents/MonoBleedingEdge/lib/mono/unityjit'
Mono config path = '/Applications/Unity/2020.3.5f1c1/Unity.app/Contents/MonoBleedingEdge/etc'
Using monoOptions --debugger-agent=transport=dt_socket,embedding=1,server=y,suspend=n,address=127.0.0.1:56691
Begin MonoManager ReloadAssembly
Registering precompiled unity dll's ...
Register platform support module: /Applications/Unity/2020.3.5f1c1/Unity.app/Contents/PlaybackEngines/MacStandaloneSupport/UnityEditor.OSXStandalone.Extensions.dll
Registered in 0.000411 seconds.
Native extension for OSXStandalone target not found
Refreshing native plugins compatible for Editor in 18.76 ms, found 1 plugins.
Preloading 0 native plugins for Editor in 0.00 ms.
Mono: successfully reloaded assembly
- Completed reload, in  1.147 seconds
Platform modules already initialized, skipping
Registering precompiled user dll's ...
Registered in 0.011863 seconds.
Begin MonoManager ReloadAssembly
Native extension for OSXStandalone target not found
Refreshing native plugins compatible for Editor in 0.18 ms, found 1 plugins.
Preloading 0 native plugins for Editor in 0.00 ms.
Mono: successfully reloaded assembly
- Completed reload, in  0.877 seconds
Platform modules already initialized, skipping
========================================================================
Worker process is ready to serve import requests
Launching external process: /Applications/Unity/2020.3.5f1c1/Unity.app/Contents/Tools/UnityShaderCompiler
Launched and connected shader compiler UnityShaderCompiler after 0.06 seconds
Refreshing native plugins compatible for Editor in 0.21 ms, found 1 plugins.
Preloading 0 native plugins for Editor in 0.00 ms.
Unloading 1115 Unused Serialized files (Serialized files now loaded: 0)
System memory in use before: 108.0 MB.
System memory in use after: 108.0 MB.

Unloading 10 unused Assets to reduce memory usage. Loaded Objects now: 1557.
Total: 3.819483 ms (FindLiveObjects: 0.258291 ms CreateObjectMapping: 0.082325 ms MarkObjects: 3.315728 ms  DeleteObjects: 0.156849 ms)

========================================================================
Received Import Request.
  path: Assets
  artifactKey: Guid(00000000000000001000000000000000) Importer(815301076,1909f56bfc062723c751e8b465ee728b)
Start importing Assets using Guid(00000000000000001000000000000000) Importer(815301076,1909f56bfc062723c751e8b465ee728b)  -> (artifact id: '5df9f6b88cc5b98f072f127b239f8810') in 0.014983 seconds
  Import took 0.029077 seconds .

========================================================================
Received Import Request.
  Time since last request: 28.345895 seconds.
  path: Assets/Chapter1
  artifactKey: Guid(2bb13c96d81514b4fb3a8e4b227e7252) Importer(815301076,1909f56bfc062723c751e8b465ee728b)
Start importing Assets/Chapter1 using Guid(2bb13c96d81514b4fb3a8e4b227e7252) Importer(815301076,1909f56bfc062723c751e8b465ee728b)  -> (artifact id: '7ba459236b6f3a5728bfa98fc20be3bf') in 0.002100 seconds
  Import took 0.015061 seconds .

========================================================================
Received Import Request.
  Time since last request: 10.661057 seconds.
  path: Assets/Chapter01-Agent
  artifactKey: Guid(2bb13c96d81514b4fb3a8e4b227e7252) Importer(815301076,1909f56bfc062723c751e8b465ee728b)
Start importing Assets/Chapter01-Agent using Guid(2bb13c96d81514b4fb3a8e4b227e7252) Importer(815301076,1909f56bfc062723c751e8b465ee728b)  -> (artifact id: '9e1eef479ca72384890b3389e8e7927c') in 0.001321 seconds
  Import took 0.009960 seconds .

========================================================================
Received Import Request.
  Time since last request: 15.206448 seconds.
  path: Assets/Chapter01-Agent/Scripts
  artifactKey: Guid(6e534adfcfdbb4c9d9be8f52953f68df) Importer(815301076,1909f56bfc062723c751e8b465ee728b)
Start importing Assets/Chapter01-Agent/Scripts using Guid(6e534adfcfdbb4c9d9be8f52953f68df) Importer(815301076,1909f56bfc062723c751e8b465ee728b)  -> (artifact id: 'f889f7fd41b1312ac49b781ac4962e71') in 0.001550 seconds
  Import took 0.015027 seconds .

========================================================================
Received Import Request.
  Time since last request: 24.860323 seconds.
  path: Assets/Chapter01-Agent/Scripts/Steering.cs
  artifactKey: Guid(61700a92bc44b43bd95ccf0032e60976) Importer(815301076,1909f56bfc062723c751e8b465ee728b)
Start importing Assets/Chapter01-Agent/Scripts/Steering.cs using Guid(61700a92bc44b43bd95ccf0032e60976) Importer(815301076,1909f56bfc062723c751e8b465ee728b)  -> (artifact id: '9a894f119da14c1ba7413b86cb817e29') in 0.527395 seconds
  Import took 0.542612 seconds .

========================================================================
Received Prepare
Registering precompiled user dll's ...
Registered in 0.000213 seconds.
Begin MonoManager ReloadAssembly
Native extension for OSXStandalone target not found
Refreshing native plugins compatible for Editor in 0.38 ms, found 1 plugins.
Preloading 0 native plugins for Editor in 0.00 ms.
Mono: successfully reloaded assembly
- Completed reload, in  0.924 seconds
Platform modules already initialized, skipping
Refreshing native plugins compatible for Editor in 0.24 ms, found 1 plugins.
Preloading 0 native plugins for Editor in 0.00 ms.
Unloading 1111 Unused Serialized files (Serialized files now loaded: 0)
System memory in use before: 112.5 MB.
System memory in use after: 112.6 MB.

Unloading 5 unused Assets to reduce memory usage. Loaded Objects now: 1561.
Total: 3.478492 ms (FindLiveObjects: 0.257352 ms CreateObjectMapping: 0.078662 ms MarkObjects: 3.033332 ms  DeleteObjects: 0.103947 ms)

========================================================================
Received Import Request.
  Time since last request: 21.255158 seconds.
  path: Assets/Chapter01-Agent/Scripts/AgentBehaviour.cs
  artifactKey: Guid(2a5aa36963e06439d8b0a73acb69e4e5) Importer(815301076,1909f56bfc062723c751e8b465ee728b)
Start importing Assets/Chapter01-Agent/Scripts/AgentBehaviour.cs using Guid(2a5aa36963e06439d8b0a73acb69e4e5) Importer(815301076,1909f56bfc062723c751e8b465ee728b)  -> (artifact id: 'cedc5733d8c70b21e5997293a5649a22') in 0.092091 seconds
  Import took 0.136400 seconds .

========================================================================
Received Prepare
Registering precompiled user dll's ...
Registered in 0.000614 seconds.
Begin MonoManager ReloadAssembly
Native extension for OSXStandalone target not found
Refreshing native plugins compatible for Editor in 0.17 ms, found 1 plugins.
Preloading 0 native plugins for Editor in 0.00 ms.
Mono: successfully reloaded assembly
- Completed reload, in  1.614 seconds
Platform modules already initialized, skipping
Refreshing native plugins compatible for Editor in 0.37 ms, found 1 plugins.
Preloading 0 native plugins for Editor in 0.00 ms.
Unloading 1112 Unused Serialized files (Serialized files now loaded: 0)
System memory in use before: 112.8 MB.
System memory in use after: 112.8 MB.

Unloading 5 unused Assets to reduce memory usage. Loaded Objects now: 1565.
Total: 3.264445 ms (FindLiveObjects: 0.244077 ms CreateObjectMapping: 0.078337 ms MarkObjects: 2.856125 ms  DeleteObjects: 0.084032 ms)

========================================================================
Received Prepare
Registering precompiled user dll's ...
Registered in 0.000289 seconds.
Begin MonoManager ReloadAssembly
Native extension for OSXStandalone target not found
Refreshing native plugins compatible for Editor in 0.17 ms, found 1 plugins.
Preloading 0 native plugins for Editor in 0.00 ms.
Mono: successfully reloaded assembly
- Completed reload, in  0.771 seconds
Platform modules already initialized, skipping
Refreshing native plugins compatible for Editor in 0.18 ms, found 1 plugins.
Preloading 0 native plugins for Editor in 0.00 ms.
Unloading 1113 Unused Serialized files (Serialized files now loaded: 0)
System memory in use before: 112.9 MB.
System memory in use after: 113.0 MB.

Unloading 5 unused Assets to reduce memory usage. Loaded Objects now: 1569.
Total: 2.506907 ms (FindLiveObjects: 0.248245 ms CreateObjectMapping: 0.080633 ms MarkObjects: 2.135598 ms  DeleteObjects: 0.041103 ms)

========================================================================
Received Import Request.
  Time since last request: 32.652703 seconds.
  path: Assets/Chapter01-Agent/Scripts/NewBehaviourScript.cs
  artifactKey: Guid(7a9aa52cc2337487892c01c67d315c55) Importer(815301076,1909f56bfc062723c751e8b465ee728b)
Start importing Assets/Chapter01-Agent/Scripts/NewBehaviourScript.cs using Guid(7a9aa52cc2337487892c01c67d315c55) Importer(815301076,1909f56bfc062723c751e8b465ee728b)  -> (artifact id: '31d45f685832af08db867d9616811008') in 0.006558 seconds
  Import took 0.025320 seconds .

========================================================================
Received Prepare
Registering precompiled user dll's ...
Registered in 0.000259 seconds.
Begin MonoManager ReloadAssembly
Native extension for OSXStandalone target not found
Refreshing native plugins compatible for Editor in 0.18 ms, found 1 plugins.
Preloading 0 native plugins for Editor in 0.00 ms.
Mono: successfully reloaded assembly
- Completed reload, in  0.800 seconds
Platform modules already initialized, skipping
Refreshing native plugins compatible for Editor in 0.14 ms, found 1 plugins.
Preloading 0 native plugins for Editor in 0.00 ms.
Unloading 1112 Unused Serialized files (Serialized files now loaded: 0)
System memory in use before: 113.1 MB.
System memory in use after: 113.1 MB.

Unloading 6 unused Assets to reduce memory usage. Loaded Objects now: 1571.
Total: 3.161379 ms (FindLiveObjects: 0.228594 ms CreateObjectMapping: 0.072526 ms MarkObjects: 2.781204 ms  DeleteObjects: 0.077337 ms)

========================================================================
Received Import Request.
  Time since last request: 9.870899 seconds.
  path: Assets/Chapter01-Agent/Scripts/Agent.cs
  artifactKey: Guid(00a013b636bbe474ab3cc9ebce9ac70d) Importer(815301076,1909f56bfc062723c751e8b465ee728b)
Start importing Assets/Chapter01-Agent/Scripts/Agent.cs using Guid(00a013b636bbe474ab3cc9ebce9ac70d) Importer(815301076,1909f56bfc062723c751e8b465ee728b)  -> (artifact id: '364fb5626456f74bda80cbccc9e4b9cf') in 0.007389 seconds
  Import took 0.010596 seconds .

========================================================================
Received Prepare
Registering precompiled user dll's ...
Registered in 0.000278 seconds.
Begin MonoManager ReloadAssembly
Native extension for OSXStandalone target not found
Refreshing native plugins compatible for Editor in 0.26 ms, found 1 plugins.
Preloading 0 native plugins for Editor in 0.00 ms.
Mono: successfully reloaded assembly
- Completed reload, in  0.848 seconds
Platform modules already initialized, skipping
Refreshing native plugins compatible for Editor in 0.13 ms, found 1 plugins.
Preloading 0 native plugins for Editor in 0.00 ms.
Unloading 1113 Unused Serialized files (Serialized files now loaded: 0)
System memory in use before: 113.3 MB.
System memory in use after: 113.3 MB.

Unloading 5 unused Assets to reduce memory usage. Loaded Objects now: 1575.
Total: 3.282328 ms (FindLiveObjects: 0.229622 ms CreateObjectMapping: 0.076104 ms MarkObjects: 2.896823 ms  DeleteObjects: 0.077869 ms)

========================================================================
Received Prepare
Registering precompiled user dll's ...
Registered in 0.000219 seconds.
Begin MonoManager ReloadAssembly
Native extension for OSXStandalone target not found
Refreshing native plugins compatible for Editor in 0.17 ms, found 1 plugins.
Preloading 0 native plugins for Editor in 0.00 ms.
Mono: successfully reloaded assembly
- Completed reload, in  0.718 seconds
Platform modules already initialized, skipping
Refreshing native plugins compatible for Editor in 0.41 ms, found 1 plugins.
Preloading 0 native plugins for Editor in 0.00 ms.
Unloading 1113 Unused Serialized files (Serialized files now loaded: 0)
System memory in use before: 113.5 MB.
System memory in use after: 113.6 MB.

Unloading 5 unused Assets to reduce memory usage. Loaded Objects now: 1578.
Total: 3.414455 ms (FindLiveObjects: 0.256787 ms CreateObjectMapping: 0.080641 ms MarkObjects: 2.987387 ms  DeleteObjects: 0.087342 ms)

========================================================================
Received Import Request.
  Time since last request: 982.798204 seconds.
  path: Assets/Chapter01-Agent/Scripts/Steering.cs
  artifactKey: Guid(61700a92bc44b43bd95ccf0032e60976) Importer(815301076,1909f56bfc062723c751e8b465ee728b)
Start importing Assets/Chapter01-Agent/Scripts/Steering.cs using Guid(61700a92bc44b43bd95ccf0032e60976) Importer(815301076,1909f56bfc062723c751e8b465ee728b)  -> (artifact id: '30ca7c5198bb0f37d8542ba0edae806f') in 0.006497 seconds
  Import took 0.008974 seconds .

========================================================================
Received Import Request.
  Time since last request: 0.325069 seconds.
  path: Assets/Chapter01-Agent/Scripts/AgentBehaviour.cs
  artifactKey: Guid(2a5aa36963e06439d8b0a73acb69e4e5) Importer(815301076,1909f56bfc062723c751e8b465ee728b)
Start importing Assets/Chapter01-Agent/Scripts/AgentBehaviour.cs using Guid(2a5aa36963e06439d8b0a73acb69e4e5) Importer(815301076,1909f56bfc062723c751e8b465ee728b)  -> (artifact id: '3f4b2380773ee0b18310dd6c42449a2e') in 0.004295 seconds
  Import took 0.028702 seconds .

========================================================================
Received Import Request.
  Time since last request: 0.015546 seconds.
  path: Assets/Chapter01-Agent/Scripts/AgentBehaviour.cs
  artifactKey: Guid(2a5aa36963e06439d8b0a73acb69e4e5) Importer(815301076,1909f56bfc062723c751e8b465ee728b)
Start importing Assets/Chapter01-Agent/Scripts/AgentBehaviour.cs using Guid(2a5aa36963e06439d8b0a73acb69e4e5) Importer(815301076,1909f56bfc062723c751e8b465ee728b)  -> (artifact id: '3f4b2380773ee0b18310dd6c42449a2e') in 0.005819 seconds
  Import took 0.009314 seconds .

========================================================================
Received Import Request.
  Time since last request: 0.519627 seconds.
  path: Assets/Chapter01-Agent/Scripts/Agent.cs
  artifactKey: Guid(00a013b636bbe474ab3cc9ebce9ac70d) Importer(815301076,1909f56bfc062723c751e8b465ee728b)
Start importing Assets/Chapter01-Agent/Scripts/Agent.cs using Guid(00a013b636bbe474ab3cc9ebce9ac70d) Importer(815301076,1909f56bfc062723c751e8b465ee728b)  -> (artifact id: '03bcec1c3bfcb2516da037869678ee91') in 0.006985 seconds
  Import took 0.011977 seconds .

========================================================================
Received Prepare
Registering precompiled user dll's ...
Registered in 0.000241 seconds.
Begin MonoManager ReloadAssembly
Native extension for OSXStandalone target not found
Refreshing native plugins compatible for Editor in 0.27 ms, found 1 plugins.
Preloading 0 native plugins for Editor in 0.00 ms.
Mono: successfully reloaded assembly
- Completed reload, in  0.751 seconds
Platform modules already initialized, skipping
Refreshing native plugins compatible for Editor in 0.18 ms, found 1 plugins.
Preloading 0 native plugins for Editor in 0.00 ms.
Unloading 1113 Unused Serialized files (Serialized files now loaded: 0)
System memory in use before: 113.7 MB.
System memory in use after: 113.7 MB.

Unloading 5 unused Assets to reduce memory usage. Loaded Objects now: 1581.
Total: 2.027822 ms (FindLiveObjects: 0.238696 ms CreateObjectMapping: 0.034551 ms MarkObjects: 1.701271 ms  DeleteObjects: 0.052014 ms)

========================================================================
Received Import Request.
  Time since last request: 294.008668 seconds.
  path: Assets/Chapter01-Agent/Scripts/Agent.cs
  artifactKey: Guid(00a013b636bbe474ab3cc9ebce9ac70d) Importer(815301076,1909f56bfc062723c751e8b465ee728b)
Start importing Assets/Chapter01-Agent/Scripts/Agent.cs using Guid(00a013b636bbe474ab3cc9ebce9ac70d) Importer(815301076,1909f56bfc062723c751e8b465ee728b)  -> (artifact id: '7169d8a098b56736110600b646a1300c') in 0.004929 seconds
  Import took 0.019550 seconds .

========================================================================
Received Import Request.
  Time since last request: 5.170065 seconds.
  path: Assets/Chapter01-Agent/Prefab
  artifactKey: Guid(6d53d102ea2474f3fba837cd5a971099) Importer(815301076,1909f56bfc062723c751e8b465ee728b)
Start importing Assets/Chapter01-Agent/Prefab using Guid(6d53d102ea2474f3fba837cd5a971099) Importer(815301076,1909f56bfc062723c751e8b465ee728b)  -> (artifact id: '92e95788021e63b55a8d217a786819db') in 0.014343 seconds
  Import took 0.023134 seconds .

========================================================================
Received Import Request.
  Time since last request: 58.908527 seconds.
  path: Assets/Chapter01-Agent/Prefab/AgentGO.prefab
  artifactKey: Guid(5d71c3af354d84f98aadb11f2b3287b4) Importer(815301076,1909f56bfc062723c751e8b465ee728b)
Start importing Assets/Chapter01-Agent/Prefab/AgentGO.prefab using Guid(5d71c3af354d84f98aadb11f2b3287b4) Importer(815301076,1909f56bfc062723c751e8b465ee728b)  -> (artifact id: '2da69fa93e0757d8f438dfe2fa99e119') in 1.379615 seconds
  Import took 1.392053 seconds .

========================================================================
Received Prepare
Registering precompiled user dll's ...
Registered in 0.009781 seconds.
Begin MonoManager ReloadAssembly
Native extension for OSXStandalone target not found
Refreshing native plugins compatible for Editor in 0.37 ms, found 1 plugins.
Preloading 0 native plugins for Editor in 0.00 ms.
Mono: successfully reloaded assembly
- Completed reload, in  1.136 seconds
Platform modules already initialized, skipping
Refreshing native plugins compatible for Editor in 0.23 ms, found 1 plugins.
Preloading 0 native plugins for Editor in 0.00 ms.
Unloading 1113 Unused Serialized files (Serialized files now loaded: 0)
System memory in use before: 122.7 MB.
System memory in use after: 122.8 MB.

Unloading 6 unused Assets to reduce memory usage. Loaded Objects now: 1593.
Total: 3.447699 ms (FindLiveObjects: 0.268227 ms CreateObjectMapping: 0.082931 ms MarkObjects: 2.995875 ms  DeleteObjects: 0.097699 ms)

========================================================================
Received Import Request.
  Time since last request: 102.054379 seconds.
  path: Assets/Chapter01-Agent/Scripts/Base
  artifactKey: Guid(d505b680b266747579aec07e30dc0edf) Importer(815301076,1909f56bfc062723c751e8b465ee728b)
Start importing Assets/Chapter01-Agent/Scripts/Base using Guid(d505b680b266747579aec07e30dc0edf) Importer(815301076,1909f56bfc062723c751e8b465ee728b)  -> (artifact id: '7c9e919accb56531969098af77102e6e') in 0.017581 seconds
  Import took 0.022011 seconds .

========================================================================
Received Prepare
Registering precompiled user dll's ...
Registered in 0.000214 seconds.
Begin MonoManager ReloadAssembly
Native extension for OSXStandalone target not found
Refreshing native plugins compatible for Editor in 0.18 ms, found 1 plugins.
Preloading 0 native plugins for Editor in 0.00 ms.
Mono: successfully reloaded assembly
- Completed reload, in  0.796 seconds
Platform modules already initialized, skipping
Refreshing native plugins compatible for Editor in 0.37 ms, found 1 plugins.
Preloading 0 native plugins for Editor in 0.00 ms.
Unloading 1113 Unused Serialized files (Serialized files now loaded: 0)
System memory in use before: 122.9 MB.
System memory in use after: 123.0 MB.

Unloading 5 unused Assets to reduce memory usage. Loaded Objects now: 1596.
Total: 3.212620 ms (FindLiveObjects: 0.237529 ms CreateObjectMapping: 0.076704 ms MarkObjects: 2.818206 ms  DeleteObjects: 0.078336 ms)

========================================================================
Received Import Request.
  Time since last request: 17.923615 seconds.
  path: Assets/Chapter01-Agent/Scripts/Seek.cs
  artifactKey: Guid(76f9ece54ed35417ab0eff68b887bb56) Importer(815301076,1909f56bfc062723c751e8b465ee728b)
Start importing Assets/Chapter01-Agent/Scripts/Seek.cs using Guid(76f9ece54ed35417ab0eff68b887bb56) Importer(815301076,1909f56bfc062723c751e8b465ee728b)  -> (artifact id: 'b4c76b041603373856aa10a4a2db951b') in 0.027702 seconds
  Import took 0.041680 seconds .

========================================================================
Received Prepare
Registering precompiled user dll's ...
Registered in 0.000220 seconds.
Begin MonoManager ReloadAssembly
Native extension for OSXStandalone target not found
Refreshing native plugins compatible for Editor in 0.20 ms, found 1 plugins.
Preloading 0 native plugins for Editor in 0.00 ms.
Mono: successfully reloaded assembly
- Completed reload, in  0.790 seconds
Platform modules already initialized, skipping
Refreshing native plugins compatible for Editor in 0.14 ms, found 1 plugins.
Preloading 0 native plugins for Editor in 0.00 ms.
Unloading 1114 Unused Serialized files (Serialized files now loaded: 0)
System memory in use before: 123.1 MB.
System memory in use after: 123.1 MB.

Unloading 5 unused Assets to reduce memory usage. Loaded Objects now: 1600.
Total: 3.179371 ms (FindLiveObjects: 0.238488 ms CreateObjectMapping: 0.076825 ms MarkObjects: 2.783994 ms  DeleteObjects: 0.078153 ms)

========================================================================
Received Import Request.
  Time since last request: 6.868019 seconds.
  path: Assets/Chapter01-Agent/Scripts/Flee.cs
  artifactKey: Guid(369ef0790d197481cbdb1da3fad449b0) Importer(815301076,1909f56bfc062723c751e8b465ee728b)
Start importing Assets/Chapter01-Agent/Scripts/Flee.cs using Guid(369ef0790d197481cbdb1da3fad449b0) Importer(815301076,1909f56bfc062723c751e8b465ee728b)  -> (artifact id: '382782b86a3c0f09cb7a4880610f80e3') in 0.023656 seconds
  Import took 0.026725 seconds .

========================================================================
Received Prepare
Registering precompiled user dll's ...
Registered in 0.000267 seconds.
Begin MonoManager ReloadAssembly
Native extension for OSXStandalone target not found
Refreshing native plugins compatible for Editor in 0.18 ms, found 1 plugins.
Preloading 0 native plugins for Editor in 0.00 ms.
Mono: successfully reloaded assembly
- Completed reload, in  0.810 seconds
Platform modules already initialized, skipping
Refreshing native plugins compatible for Editor in 0.18 ms, found 1 plugins.
Preloading 0 native plugins for Editor in 0.00 ms.
Unloading 1115 Unused Serialized files (Serialized files now loaded: 0)
System memory in use before: 123.3 MB.
System memory in use after: 123.3 MB.

Unloading 5 unused Assets to reduce memory usage. Loaded Objects now: 1604.
Total: 3.167781 ms (FindLiveObjects: 0.242254 ms CreateObjectMapping: 0.076152 ms MarkObjects: 2.766673 ms  DeleteObjects: 0.080580 ms)

========================================================================
Received Prepare
Registering precompiled user dll's ...
Registered in 0.000225 seconds.
Begin MonoManager ReloadAssembly
Native extension for OSXStandalone target not found
Refreshing native plugins compatible for Editor in 0.18 ms, found 1 plugins.
Preloading 0 native plugins for Editor in 0.00 ms.
Mono: successfully reloaded assembly
- Completed reload, in  0.870 seconds
Platform modules already initialized, skipping
Refreshing native plugins compatible for Editor in 0.37 ms, found 1 plugins.
Preloading 0 native plugins for Editor in 0.00 ms.
Unloading 1115 Unused Serialized files (Serialized files now loaded: 0)
System memory in use before: 123.5 MB.
System memory in use after: 123.5 MB.

Unloading 5 unused Assets to reduce memory usage. Loaded Objects now: 1607.
Total: 3.211038 ms (FindLiveObjects: 0.239967 ms CreateObjectMapping: 0.075813 ms MarkObjects: 2.813862 ms  DeleteObjects: 0.079472 ms)

========================================================================
Received Import Request.
  Time since last request: 126.333755 seconds.
  path: Assets/Chapter01-Agent/Scripts/Seek.cs
  artifactKey: Guid(76f9ece54ed35417ab0eff68b887bb56) Importer(815301076,1909f56bfc062723c751e8b465ee728b)
Start importing Assets/Chapter01-Agent/Scripts/Seek.cs using Guid(76f9ece54ed35417ab0eff68b887bb56) Importer(815301076,1909f56bfc062723c751e8b465ee728b)  -> (artifact id: 'abaebce560714c1bda4cbf1c8d21fbf4') in 0.005018 seconds
  Import took 0.029339 seconds .

========================================================================
Received Prepare
Registering precompiled user dll's ...
Registered in 0.011191 seconds.
Begin MonoManager ReloadAssembly
Native extension for OSXStandalone target not found
Refreshing native plugins compatible for Editor in 0.19 ms, found 1 plugins.
Preloading 0 native plugins for Editor in 0.00 ms.
Mono: successfully reloaded assembly
- Completed reload, in  0.751 seconds
Platform modules already initialized, skipping
Refreshing native plugins compatible for Editor in 0.18 ms, found 1 plugins.
Preloading 0 native plugins for Editor in 0.00 ms.
Unloading 1116 Unused Serialized files (Serialized files now loaded: 0)
System memory in use before: 123.7 MB.
System memory in use after: 123.7 MB.

Unloading 5 unused Assets to reduce memory usage. Loaded Objects now: 1611.
Total: 1.405036 ms (FindLiveObjects: 0.159710 ms CreateObjectMapping: 0.049042 ms MarkObjects: 1.154423 ms  DeleteObjects: 0.041019 ms)

========================================================================
Received Prepare
Registering precompiled user dll's ...
Registered in 0.000229 seconds.
Begin MonoManager ReloadAssembly
Native extension for OSXStandalone target not found
Refreshing native plugins compatible for Editor in 0.18 ms, found 1 plugins.
Preloading 0 native plugins for Editor in 0.00 ms.
Mono: successfully reloaded assembly
- Completed reload, in  0.893 seconds
Platform modules already initialized, skipping
Refreshing native plugins compatible for Editor in 0.15 ms, found 1 plugins.
Preloading 0 native plugins for Editor in 0.00 ms.
Unloading 1116 Unused Serialized files (Serialized files now loaded: 0)
System memory in use before: 123.8 MB.
System memory in use after: 123.9 MB.

Unloading 5 unused Assets to reduce memory usage. Loaded Objects now: 1614.
Total: 3.313624 ms (FindLiveObjects: 0.247963 ms CreateObjectMapping: 0.081724 ms MarkObjects: 2.898943 ms  DeleteObjects: 0.083042 ms)

========================================================================
Received Prepare
Registering precompiled user dll's ...
Registered in 0.000337 seconds.
Begin MonoManager ReloadAssembly
Native extension for OSXStandalone target not found
Refreshing native plugins compatible for Editor in 0.23 ms, found 1 plugins.
Preloading 0 native plugins for Editor in 0.00 ms.
Mono: successfully reloaded assembly
- Completed reload, in  0.819 seconds
Platform modules already initialized, skipping
Refreshing native plugins compatible for Editor in 0.13 ms, found 1 plugins.
Preloading 0 native plugins for Editor in 0.00 ms.
Unloading 1116 Unused Serialized files (Serialized files now loaded: 0)
System memory in use before: 124.0 MB.
System memory in use after: 124.0 MB.

Unloading 5 unused Assets to reduce memory usage. Loaded Objects now: 1617.
Total: 3.196887 ms (FindLiveObjects: 0.242135 ms CreateObjectMapping: 0.077991 ms MarkObjects: 2.796354 ms  DeleteObjects: 0.078638 ms)

========================================================================
Received Prepare
Registering precompiled user dll's ...
Registered in 0.000349 seconds.
Begin MonoManager ReloadAssembly
Native extension for OSXStandalone target not found
Refreshing native plugins compatible for Editor in 0.18 ms, found 1 plugins.
Preloading 0 native plugins for Editor in 0.00 ms.
Mono: successfully reloaded assembly
- Completed reload, in  0.827 seconds
Platform modules already initialized, skipping
Refreshing native plugins compatible for Editor in 0.63 ms, found 1 plugins.
Preloading 0 native plugins for Editor in 0.00 ms.
Unloading 1116 Unused Serialized files (Serialized files now loaded: 0)
System memory in use before: 124.1 MB.
System memory in use after: 124.2 MB.

Unloading 5 unused Assets to reduce memory usage. Loaded Objects now: 1620.
Total: 3.508895 ms (FindLiveObjects: 0.279562 ms CreateObjectMapping: 0.088985 ms MarkObjects: 3.057648 ms  DeleteObjects: 0.079826 ms)

========================================================================
Received Import Request.
  Time since last request: 171.872909 seconds.
  path: Assets/Chapter01-Agent/Prefab/Target.prefab
  artifactKey: Guid(1deeef0b4b182487187eca10332929d6) Importer(815301076,1909f56bfc062723c751e8b465ee728b)
Start importing Assets/Chapter01-Agent/Prefab/Target.prefab using Guid(1deeef0b4b182487187eca10332929d6) Importer(815301076,1909f56bfc062723c751e8b465ee728b)  -> (artifact id: '11007ee2f9bf65cccb7c9e9e92229f91') in 0.048519 seconds
  Import took 0.052119 seconds .

========================================================================
Received Import Request.
  Time since last request: 0.023861 seconds.
  path: Assets/Chapter01-Agent/Prefab/Target.prefab
  artifactKey: Guid(1deeef0b4b182487187eca10332929d6) Importer(815301076,1909f56bfc062723c751e8b465ee728b)
Start importing Assets/Chapter01-Agent/Prefab/Target.prefab using Guid(1deeef0b4b182487187eca10332929d6) Importer(815301076,1909f56bfc062723c751e8b465ee728b)  -> (artifact id: '11007ee2f9bf65cccb7c9e9e92229f91') in 0.004047 seconds
  Import took 0.007419 seconds .

========================================================================
Received Prepare
Registering precompiled user dll's ...
Registered in 0.001272 seconds.
Begin MonoManager ReloadAssembly
Native extension for OSXStandalone target not found
Refreshing native plugins compatible for Editor in 0.19 ms, found 1 plugins.
Preloading 0 native plugins for Editor in 0.00 ms.
Mono: successfully reloaded assembly
- Completed reload, in  0.964 seconds
Platform modules already initialized, skipping
Refreshing native plugins compatible for Editor in 0.22 ms, found 1 plugins.
Preloading 0 native plugins for Editor in 0.00 ms.
Unloading 1116 Unused Serialized files (Serialized files now loaded: 0)
System memory in use before: 124.3 MB.
System memory in use after: 124.4 MB.

Unloading 5 unused Assets to reduce memory usage. Loaded Objects now: 1623.
Total: 3.454604 ms (FindLiveObjects: 0.267944 ms CreateObjectMapping: 0.082523 ms MarkObjects: 3.007182 ms  DeleteObjects: 0.094376 ms)

========================================================================
Received Prepare
Registering precompiled user dll's ...
Registered in 0.000350 seconds.
Begin MonoManager ReloadAssembly
Native extension for OSXStandalone target not found
Refreshing native plugins compatible for Editor in 0.29 ms, found 1 plugins.
Preloading 0 native plugins for Editor in 0.00 ms.
Mono: successfully reloaded assembly
- Completed reload, in  0.831 seconds
Platform modules already initialized, skipping
Refreshing native plugins compatible for Editor in 0.13 ms, found 1 plugins.
Preloading 0 native plugins for Editor in 0.00 ms.
Unloading 1116 Unused Serialized files (Serialized files now loaded: 0)
System memory in use before: 124.5 MB.
System memory in use after: 124.6 MB.

Unloading 5 unused Assets to reduce memory usage. Loaded Objects now: 1626.
Total: 2.447049 ms (FindLiveObjects: 0.247975 ms CreateObjectMapping: 0.078440 ms MarkObjects: 2.075754 ms  DeleteObjects: 0.043389 ms)

========================================================================
Received Prepare
Registering precompiled user dll's ...
Registered in 0.000383 seconds.
Begin MonoManager ReloadAssembly
Native extension for OSXStandalone target not found
Refreshing native plugins compatible for Editor in 0.18 ms, found 1 plugins.
Preloading 0 native plugins for Editor in 0.00 ms.
Mono: successfully reloaded assembly
- Completed reload, in  0.810 seconds
Platform modules already initialized, skipping
Refreshing native plugins compatible for Editor in 0.13 ms, found 1 plugins.
Preloading 0 native plugins for Editor in 0.00 ms.
Unloading 1116 Unused Serialized files (Serialized files now loaded: 0)
System memory in use before: 124.7 MB.
System memory in use after: 124.7 MB.

Unloading 5 unused Assets to reduce memory usage. Loaded Objects now: 1629.
Total: 3.175045 ms (FindLiveObjects: 0.241041 ms CreateObjectMapping: 0.075237 ms MarkObjects: 2.777005 ms  DeleteObjects: 0.079988 ms)

========================================================================
Received Import Request.
  Time since last request: 201.464620 seconds.
  path: Assets/Chapter01-Agent/Scripts/Base/TargetDrawer.cs
  artifactKey: Guid(ea4251bcc350c42a8a03dbaf93151e7a) Importer(815301076,1909f56bfc062723c751e8b465ee728b)
Start importing Assets/Chapter01-Agent/Scripts/Base/TargetDrawer.cs using Guid(ea4251bcc350c42a8a03dbaf93151e7a) Importer(815301076,1909f56bfc062723c751e8b465ee728b)  -> (artifact id: 'c845ff8e129282741627c7942119b6d6') in 0.015833 seconds
  Import took 0.030290 seconds .

========================================================================
Received Import Request.
  Time since last request: 274.490359 seconds.
  path: Assets/Chapter01-Agent/Scripts/Pursue.cs
  artifactKey: Guid(5b005371bd3dd4a21aa16dc5205b8000) Importer(815301076,1909f56bfc062723c751e8b465ee728b)
Start importing Assets/Chapter01-Agent/Scripts/Pursue.cs using Guid(5b005371bd3dd4a21aa16dc5205b8000) Importer(815301076,1909f56bfc062723c751e8b465ee728b)  -> (artifact id: '4cea39e601ebccdad3b556d4643e1579') in 0.193440 seconds
  Import took 0.240854 seconds .

========================================================================
Received Prepare
Registering precompiled user dll's ...
Registered in 0.000210 seconds.
Begin MonoManager ReloadAssembly
Native extension for OSXStandalone target not found
Refreshing native plugins compatible for Editor in 0.17 ms, found 1 plugins.
Preloading 0 native plugins for Editor in 0.00 ms.
Mono: successfully reloaded assembly
- Completed reload, in  0.768 seconds
Platform modules already initialized, skipping
Refreshing native plugins compatible for Editor in 0.38 ms, found 1 plugins.
Preloading 0 native plugins for Editor in 0.00 ms.
Unloading 1117 Unused Serialized files (Serialized files now loaded: 0)
System memory in use before: 124.9 MB.
System memory in use after: 124.9 MB.

Unloading 5 unused Assets to reduce memory usage. Loaded Objects now: 1633.
Total: 3.229608 ms (FindLiveObjects: 0.254654 ms CreateObjectMapping: 0.083037 ms MarkObjects: 2.805744 ms  DeleteObjects: 0.084445 ms)

========================================================================
Received Prepare
Registering precompiled user dll's ...
Registered in 0.000251 seconds.
Begin MonoManager ReloadAssembly
Native extension for OSXStandalone target not found
Refreshing native plugins compatible for Editor in 0.17 ms, found 1 plugins.
Preloading 0 native plugins for Editor in 0.00 ms.
Mono: successfully reloaded assembly
- Completed reload, in  0.725 seconds
Platform modules already initialized, skipping
Refreshing native plugins compatible for Editor in 0.41 ms, found 1 plugins.
Preloading 0 native plugins for Editor in 0.00 ms.
Unloading 1117 Unused Serialized files (Serialized files now loaded: 0)
System memory in use before: 125.1 MB.
System memory in use after: 125.1 MB.

Unloading 5 unused Assets to reduce memory usage. Loaded Objects now: 1636.
Total: 3.564251 ms (FindLiveObjects: 0.268438 ms CreateObjectMapping: 0.082628 ms MarkObjects: 3.116601 ms  DeleteObjects: 0.094562 ms)

========================================================================
Received Import Request.
  Time since last request: 243.848463 seconds.
  path: Assets/Chapter01-Agent/Scripts/Pursue.cs
  artifactKey: Guid(5b005371bd3dd4a21aa16dc5205b8000) Importer(815301076,1909f56bfc062723c751e8b465ee728b)
Start importing Assets/Chapter01-Agent/Scripts/Pursue.cs using Guid(5b005371bd3dd4a21aa16dc5205b8000) Importer(815301076,1909f56bfc062723c751e8b465ee728b)  -> (artifact id: '0f18ad81ca0ba45e959794baaf9c0c85') in 0.005468 seconds
  Import took 0.007934 seconds .

========================================================================
Received Import Request.
  Time since last request: 1.462201 seconds.
  path: Assets/Chapter01-Agent/Scripts/Pursue.cs
  artifactKey: Guid(5b005371bd3dd4a21aa16dc5205b8000) Importer(815301076,1909f56bfc062723c751e8b465ee728b)
Start importing Assets/Chapter01-Agent/Scripts/Pursue.cs using Guid(5b005371bd3dd4a21aa16dc5205b8000) Importer(815301076,1909f56bfc062723c751e8b465ee728b)  -> (artifact id: '0f18ad81ca0ba45e959794baaf9c0c85') in 0.001620 seconds
  Import took 0.003457 seconds .

========================================================================
Received Prepare
Registering precompiled user dll's ...
Registered in 0.000344 seconds.
Begin MonoManager ReloadAssembly
Native extension for OSXStandalone target not found
Refreshing native plugins compatible for Editor in 0.18 ms, found 1 plugins.
Preloading 0 native plugins for Editor in 0.00 ms.
Mono: successfully reloaded assembly
- Completed reload, in  0.836 seconds
Platform modules already initialized, skipping
Refreshing native plugins compatible for Editor in 0.38 ms, found 1 plugins.
Preloading 0 native plugins for Editor in 0.00 ms.
Unloading 1117 Unused Serialized files (Serialized files now loaded: 0)
System memory in use before: 125.2 MB.
System memory in use after: 125.3 MB.

Unloading 5 unused Assets to reduce memory usage. Loaded Objects now: 1639.
Total: 3.198624 ms (FindLiveObjects: 0.243558 ms CreateObjectMapping: 0.077670 ms MarkObjects: 2.796024 ms  DeleteObjects: 0.079615 ms)

========================================================================
Received Import Request.
  Time since last request: 85.288448 seconds.
  path: Assets/Chapter01-Agent/Prefab/AgentGO.prefab
  artifactKey: Guid(5d71c3af354d84f98aadb11f2b3287b4) Importer(815301076,1909f56bfc062723c751e8b465ee728b)
Start importing Assets/Chapter01-Agent/Prefab/AgentGO.prefab using Guid(5d71c3af354d84f98aadb11f2b3287b4) Importer(815301076,1909f56bfc062723c751e8b465ee728b)  -> (artifact id: '1ab53354bb0c2a185741ff92aea53d29') in 0.230491 seconds
  Import took 0.249020 seconds .

========================================================================
Received Prepare
Registering precompiled user dll's ...
Registered in 0.000342 seconds.
Begin MonoManager ReloadAssembly
Native extension for OSXStandalone target not found
Refreshing native plugins compatible for Editor in 0.18 ms, found 1 plugins.
Preloading 0 native plugins for Editor in 0.00 ms.
Mono: successfully reloaded assembly
- Completed reload, in  0.813 seconds
Platform modules already initialized, skipping
Refreshing native plugins compatible for Editor in 0.15 ms, found 1 plugins.
Preloading 0 native plugins for Editor in 0.00 ms.
Unloading 1117 Unused Serialized files (Serialized files now loaded: 0)
System memory in use before: 125.4 MB.
System memory in use after: 125.5 MB.

Unloading 6 unused Assets to reduce memory usage. Loaded Objects now: 1643.
Total: 3.226937 ms (FindLiveObjects: 0.257386 ms CreateObjectMapping: 0.080802 ms MarkObjects: 2.800572 ms  DeleteObjects: 0.086294 ms)

========================================================================
Received Prepare
Registering precompiled user dll's ...
Registered in 0.000330 seconds.
Begin MonoManager ReloadAssembly
Native extension for OSXStandalone target not found
Refreshing native plugins compatible for Editor in 0.17 ms, found 1 plugins.
Preloading 0 native plugins for Editor in 0.00 ms.
Mono: successfully reloaded assembly
- Completed reload, in  0.832 seconds
Platform modules already initialized, skipping
Refreshing native plugins compatible for Editor in 0.14 ms, found 1 plugins.
Preloading 0 native plugins for Editor in 0.00 ms.
Unloading 1117 Unused Serialized files (Serialized files now loaded: 0)
System memory in use before: 125.6 MB.
System memory in use after: 125.7 MB.

Unloading 5 unused Assets to reduce memory usage. Loaded Objects now: 1646.
Total: 3.252615 ms (FindLiveObjects: 0.247392 ms CreateObjectMapping: 0.079026 ms MarkObjects: 2.834381 ms  DeleteObjects: 0.089824 ms)

